
Importing module 'gym_38' (/home/WMP/isaacgym/python/isaacgym/_bindings/linux-x86_64/gym_38.so)
Setting GYM_USD_PLUG_INFO_PATH to /home/WMP/isaacgym/python/isaacgym/_bindings/linux-x86_64/usd/plugInfo.json
[Stage 1] AMP config loaded from configs/amp.yaml
[Stage 1] Creating InaccurateSimEnv with 4096 envs
PyTorch version 2.0.1+cu118
Device count 1
/home/WMP/isaacgym/python/isaacgym/_bindings/src/gymtorch
Using /root/.cache/torch_extensions/py38_cu118 as PyTorch extensions root...
Emitting ninja build file /root/.cache/torch_extensions/py38_cu118/gymtorch/build.ninja...
Building extension module gymtorch...
ninja: no work to do.
[Warning] [carb.gym.plugin] useGpu is set, forcing single scene (0 subscenes)
Not connected to PVD
+++ Using GPU PhysX
Physics Engine: PhysX
Physics Device: cuda:0
GPU Pipeline: enabled
[WMPEnvBase] AMP motion files 缺失,降级到无 AMP
[InaccurateSimEnv] Created: num_envs=4096, motor_strength=[0.65, 0.75], Kp_range=[14.0, 18.0], amp=off
[Stage 1] Starting training for 1000 steps
[Stage 1 Step 100/1000] avg_return=0.33 elapsed=10.8s buffer_size=413696 wm[kld]=0.000 wm[recon]=0.000 wm[rew]=0.000 ac[actor]=0.000 ac[critic]=0.000 ac[lambda_ret]=0.000
[Stage 1 Step 200/1000] avg_return=0.51 elapsed=23.0s buffer_size=823296 wm[kld]=520.866 wm[recon]=0.284 wm[rew]=0.077 ac[actor]=-0.521 ac[critic]=0.587 ac[lambda_ret]=0.528
[Stage 1 Step 300/1000] avg_return=0.72 elapsed=35.0s buffer_size=1000000 wm[kld]=420.909 wm[recon]=0.110 wm[rew]=0.060 ac[actor]=0.713 ac[critic]=4.362 ac[lambda_ret]=-0.724
[Stage 1 Step 400/1000] avg_return=0.93 elapsed=46.8s buffer_size=1000000 wm[kld]=349.165 wm[recon]=0.083 wm[rew]=0.085 ac[actor]=-0.738 ac[critic]=0.446 ac[lambda_ret]=0.750
[Stage 1 Step 500/1000] avg_return=1.41 elapsed=58.3s buffer_size=1000000 wm[kld]=299.658 wm[recon]=0.078 wm[rew]=0.043 ac[actor]=-1.382 ac[critic]=1.535 ac[lambda_ret]=1.404
[WM debug] reward_batch: min=0.0000 max=0.0366 mean=0.0060 std=0.0100 | reward_pred: min=-0.5247 max=0.9265
Loading extension module gymtorch...
[Stage 1 Step 600/1000] avg_return=2.16 elapsed=69.9s buffer_size=1000000 wm[kld]=263.133 wm[recon]=0.066 wm[rew]=0.064 ac[actor]=-0.835 ac[critic]=0.401 ac[lambda_ret]=0.849
[Stage 1 Step 700/1000] avg_return=1.38 elapsed=81.6s buffer_size=1000000 wm[kld]=233.098 wm[recon]=0.053 wm[rew]=0.035 ac[actor]=-0.094 ac[critic]=1.091 ac[lambda_ret]=0.098
[Stage 1 Step 800/1000] avg_return=1.18 elapsed=93.6s buffer_size=1000000 wm[kld]=206.420 wm[recon]=0.043 wm[rew]=0.034 ac[actor]=0.151 ac[critic]=1.793 ac[lambda_ret]=-0.151
[Stage 1 Step 900/1000] avg_return=0.74 elapsed=106.2s buffer_size=1000000 wm[kld]=183.083 wm[recon]=0.038 wm[rew]=0.041 ac[actor]=-0.286 ac[critic]=0.361 ac[lambda_ret]=0.293
[Checkpoint] Saved to checkpoints/stage1_final.ckpt
[Stage 1] Done. Saved stage1_final.ckpt
